BAU Domestic Employee Compensation by ISIC Code
BAU Domestic Employment by ISIC Code
BAU Gross Domestic Product by ISIC Code
Change in Compensation per Domestic Employee
Domestic Employee Compensation by ISIC Code
Domestic Employment by ISIC Code
Gross Domestic Product by ISIC Code
Percent Change in Contribution to Gross Domestic Product by ISIC Code
Total Primary Energy Use per Unit GDP
Output Electricity Generation by Type
Output Electricity Generation Capacity
Output Distributed Solar PV Output
Output Distributed Solar PV Capacity
Output Total Electricity Demand
Output Cost per Unit New Elec Output
Total Pollutant Emissions
Total CO2e Emissions
Total Primary Energy Use
LULUCF Anthropogenic Pollutant Emissions
Total CO2e Emissions by Sector